<?xml version="1.0" encoding="utf-8"?>
<TestRun id="5d25d594-b877-4c7f-a494-13547a0efac8" name="pieter@ZBOOK-PIETER 2026-03-14 23:38:42" runUser="ZBOOK-PIETER\pieter" xmlns="http://microsoft.com/schemas/VisualStudio/TeamTest/2010">
  <Times creation="2026-03-14T23:38:42.9155891+01:00" queuing="2026-03-14T23:38:42.9155902+01:00" start="2026-03-14T23:38:37.7015529+01:00" finish="2026-03-14T23:38:43.6832052+01:00" />
  <TestSettings name="default" id="ede8b90a-b7f4-42ae-a294-faf923e770e4">
    <Deployment runDeploymentRoot="pieter_ZBOOK-PIETER_2026-03-14_23_38_42" />
  </TestSettings>
  <Results>
    <UnitTestResult executionId="f0597d34-5187-4e51-8907-530d06da3bd9" testId="ee24ef35-381a-67b1-9b09-fdd4688b17f5" testName="Backend.Tests.Unit.PickServiceTests.ConfirmPick_WithValidData_UpdatesInventory" computerName="ZBOOK-PIETER" duration="00:00:00.0183323" startTime="2026-03-14T23:38:43.5383124+01:00" endTime="2026-03-14T23:38:43.5383131+01:00" testType="13cdc9d9-ddb5-4fa4-a97d-d965ccfc6d4b" outcome="Passed" testListId="8c84fa94-04c1-424b-9868-57a2d4851a1d" relativeResultsDirectory="f0597d34-5187-4e51-8907-530d06da3bd9" />
    <UnitTestResult executionId="84be084e-f246-42a2-8197-d31d1a8617d5" testId="43b68388-6eaa-719c-525b-ffdbe28cc031" testName="Backend.Tests.Integration.PickIntegrationTests.ConfirmPick_WithInvalidRack_ReturnsBadRequest" computerName="ZBOOK-PIETER" duration="00:00:00.0010000" startTime="2026-03-14T23:38:42.8487044+01:00" endTime="2026-03-14T23:38:42.8487049+01:00" testType="13cdc9d9-ddb5-4fa4-a97d-d965ccfc6d4b" outcome="Failed" testListId="8c84fa94-04c1-424b-9868-57a2d4851a1d" relativeResultsDirectory="84be084e-f246-42a2-8197-d31d1a8617d5">
      <Output>
        <ErrorInfo>
          <Message>System.TypeLoadException : Method 'GetSwagger' in type 'Swashbuckle.AspNetCore.SwaggerGen.SwaggerGenerator' from assembly 'Swashbuckle.AspNetCore.SwaggerGen, Version=6.5.0.0, Culture=neutral, PublicKeyToken=d84d99fb0135530a' does not have an implementation.</Message>
          <StackTrace>   at Microsoft.Extensions.DependencyInjection.SwaggerGenServiceCollectionExtensions.AddSwaggerGen(IServiceCollection services, Action`1 setupAction)&#xD;
   at Microsoft.Extensions.DependencyInjection.SwaggerGenServiceCollectionExtensions.AddSwaggerGen(IServiceCollection services, Action`1 setupAction)&#xD;
   at Program.&lt;Main&gt;$(String[] args) in C:\Users\pieter\Desktop\WMS\src\Backend\Program.cs:line 10&#xD;
   at InvokeStub_Program.&lt;Main&gt;$(Object, Span`1)&#xD;
   at System.Reflection.MethodBaseInvoker.InvokeWithOneArg(Object obj, BindingFlags invokeAttr, Binder binder, Object[] parameters, CultureInfo culture)&#xD;
--- End of stack trace from previous location ---&#xD;
   at Microsoft.Extensions.Hosting.HostFactoryResolver.HostingListener.CreateHost()&#xD;
   at Microsoft.Extensions.Hosting.HostFactoryResolver.&lt;&gt;c__DisplayClass10_0.&lt;ResolveHostFactory&gt;b__0(String[] args)&#xD;
   at Microsoft.AspNetCore.Mvc.Testing.DeferredHostBuilder.Build()&#xD;
   at Microsoft.AspNetCore.Mvc.Testing.WebApplicationFactory`1.CreateHost(IHostBuilder builder)&#xD;
   at Microsoft.AspNetCore.Mvc.Testing.WebApplicationFactory`1.ConfigureHostBuilder(IHostBuilder hostBuilder)&#xD;
   at Microsoft.AspNetCore.Mvc.Testing.WebApplicationFactory`1.StartServer()&#xD;
   at Microsoft.AspNetCore.Mvc.Testing.WebApplicationFactory`1.get_Services()&#xD;
   at Backend.Tests.Integration.Fixtures.WarehouseWebApplicationFactory.CreateClient(WebApplicationFactoryClientOptions options) in C:\Users\pieter\Desktop\WMS\tests\Backend.Tests\Fixtures\WarehouseWebApplicationFactory.cs:line 131&#xD;
   at Backend.Tests.Integration.Fixtures.WarehouseWebApplicationFactory.CreateClient() in C:\Users\pieter\Desktop\WMS\tests\Backend.Tests\Fixtures\WarehouseWebApplicationFactory.cs:line 141&#xD;
   at Backend.Tests.Integration.PickIntegrationTests..ctor(WarehouseWebApplicationFactory factory) in C:\Users\pieter\Desktop\WMS\tests\Backend.Tests\Integration\OrderAndPickTests.cs:line 70&#xD;
   at InvokeStub_PickIntegrationTests..ctor(Object, Span`1)&#xD;
   at System.Reflection.MethodBaseInvoker.InvokeWithOneArg(Object obj, BindingFlags invokeAttr, Binder binder, Object[] parameters, CultureInfo culture)</StackTrace>
        </ErrorInfo>
      </Output>
    </UnitTestResult>
    <UnitTestResult executionId="db8e07fb-cab4-43ea-a16b-9cec10cfc790" testId="fc9409e4-28a6-902e-f3e3-17785b27149f" testName="Backend.Tests.Integration.OrderIntegrationTests.GetOrderById_WithMultipleItems_ReturnsAllItems" computerName="ZBOOK-PIETER" duration="00:00:00.0010000" startTime="2026-03-14T23:38:42.8440400+01:00" endTime="2026-03-14T23:38:42.8440414+01:00" testType="13cdc9d9-ddb5-4fa4-a97d-d965ccfc6d4b" outcome="Failed" testListId="8c84fa94-04c1-424b-9868-57a2d4851a1d" relativeResultsDirectory="db8e07fb-cab4-43ea-a16b-9cec10cfc790">
      <Output>
        <ErrorInfo>
          <Message>System.TypeLoadException : Method 'GetSwagger' in type 'Swashbuckle.AspNetCore.SwaggerGen.SwaggerGenerator' from assembly 'Swashbuckle.AspNetCore.SwaggerGen, Version=6.5.0.0, Culture=neutral, PublicKeyToken=d84d99fb0135530a' does not have an implementation.</Message>
          <StackTrace>   at Microsoft.Extensions.DependencyInjection.SwaggerGenServiceCollectionExtensions.AddSwaggerGen(IServiceCollection services, Action`1 setupAction)&#xD;
   at Microsoft.Extensions.DependencyInjection.SwaggerGenServiceCollectionExtensions.AddSwaggerGen(IServiceCollection services, Action`1 setupAction)&#xD;
   at Program.&lt;Main&gt;$(String[] args) in C:\Users\pieter\Desktop\WMS\src\Backend\Program.cs:line 10&#xD;
   at InvokeStub_Program.&lt;Main&gt;$(Object, Span`1)&#xD;
   at System.Reflection.MethodBaseInvoker.InvokeWithOneArg(Object obj, BindingFlags invokeAttr, Binder binder, Object[] parameters, CultureInfo culture)&#xD;
--- End of stack trace from previous location ---&#xD;
   at Microsoft.Extensions.Hosting.HostFactoryResolver.HostingListener.CreateHost()&#xD;
   at Microsoft.Extensions.Hosting.HostFactoryResolver.&lt;&gt;c__DisplayClass10_0.&lt;ResolveHostFactory&gt;b__0(String[] args)&#xD;
   at Microsoft.AspNetCore.Mvc.Testing.DeferredHostBuilder.Build()&#xD;
   at Microsoft.AspNetCore.Mvc.Testing.WebApplicationFactory`1.CreateHost(IHostBuilder builder)&#xD;
   at Microsoft.AspNetCore.Mvc.Testing.WebApplicationFactory`1.ConfigureHostBuilder(IHostBuilder hostBuilder)&#xD;
   at Microsoft.AspNetCore.Mvc.Testing.WebApplicationFactory`1.StartServer()&#xD;
   at Microsoft.AspNetCore.Mvc.Testing.WebApplicationFactory`1.get_Services()&#xD;
   at Backend.Tests.Integration.Fixtures.WarehouseWebApplicationFactory.CreateClient(WebApplicationFactoryClientOptions options) in C:\Users\pieter\Desktop\WMS\tests\Backend.Tests\Fixtures\WarehouseWebApplicationFactory.cs:line 131&#xD;
   at Backend.Tests.Integration.Fixtures.WarehouseWebApplicationFactory.CreateClient() in C:\Users\pieter\Desktop\WMS\tests\Backend.Tests\Fixtures\WarehouseWebApplicationFactory.cs:line 141&#xD;
   at Backend.Tests.Integration.OrderIntegrationTests..ctor(WarehouseWebApplicationFactory factory) in C:\Users\pieter\Desktop\WMS\tests\Backend.Tests\Integration\OrderAndPickTests.cs:line 15&#xD;
   at InvokeStub_OrderIntegrationTests..ctor(Object, Span`1)&#xD;
   at System.Reflection.MethodBaseInvoker.InvokeWithOneArg(Object obj, BindingFlags invokeAttr, Binder binder, Object[] parameters, CultureInfo culture)</StackTrace>
        </ErrorInfo>
      </Output>
    </UnitTestResult>
    <UnitTestResult executionId="0b2e6d41-bda1-4195-8348-cf1b7c9c270a" testId="7d1b5510-dfd0-7c78-0dbc-8a542f3b5814" testName="Backend.Tests.Integration.PickIntegrationTests.ConfirmPick_WithInvalidOrderId_ReturnsBadRequest" computerName="ZBOOK-PIETER" duration="00:00:00.0010000" startTime="2026-03-14T23:38:42.8351699+01:00" endTime="2026-03-14T23:38:42.8351702+01:00" testType="13cdc9d9-ddb5-4fa4-a97d-d965ccfc6d4b" outcome="Failed" testListId="8c84fa94-04c1-424b-9868-57a2d4851a1d" relativeResultsDirectory="0b2e6d41-bda1-4195-8348-cf1b7c9c270a">
      <Output>
        <ErrorInfo>
          <Message>System.TypeLoadException : Method 'GetSwagger' in type 'Swashbuckle.AspNetCore.SwaggerGen.SwaggerGenerator' from assembly 'Swashbuckle.AspNetCore.SwaggerGen, Version=6.5.0.0, Culture=neutral, PublicKeyToken=d84d99fb0135530a' does not have an implementation.</Message>
          <StackTrace>   at Microsoft.Extensions.DependencyInjection.SwaggerGenServiceCollectionExtensions.AddSwaggerGen(IServiceCollection services, Action`1 setupAction)&#xD;
   at Microsoft.Extensions.DependencyInjection.SwaggerGenServiceCollectionExtensions.AddSwaggerGen(IServiceCollection services, Action`1 setupAction)&#xD;
   at Program.&lt;Main&gt;$(String[] args) in C:\Users\pieter\Desktop\WMS\src\Backend\Program.cs:line 10&#xD;
   at InvokeStub_Program.&lt;Main&gt;$(Object, Span`1)&#xD;
   at System.Reflection.MethodBaseInvoker.InvokeWithOneArg(Object obj, BindingFlags invokeAttr, Binder binder, Object[] parameters, CultureInfo culture)&#xD;
--- End of stack trace from previous location ---&#xD;
   at Microsoft.Extensions.Hosting.HostFactoryResolver.HostingListener.CreateHost()&#xD;
   at Microsoft.Extensions.Hosting.HostFactoryResolver.&lt;&gt;c__DisplayClass10_0.&lt;ResolveHostFactory&gt;b__0(String[] args)&#xD;
   at Microsoft.AspNetCore.Mvc.Testing.DeferredHostBuilder.Build()&#xD;
   at Microsoft.AspNetCore.Mvc.Testing.WebApplicationFactory`1.CreateHost(IHostBuilder builder)&#xD;
   at Microsoft.AspNetCore.Mvc.Testing.WebApplicationFactory`1.ConfigureHostBuilder(IHostBuilder hostBuilder)&#xD;
   at Microsoft.AspNetCore.Mvc.Testing.WebApplicationFactory`1.StartServer()&#xD;
   at Microsoft.AspNetCore.Mvc.Testing.WebApplicationFactory`1.get_Services()&#xD;
   at Backend.Tests.Integration.Fixtures.WarehouseWebApplicationFactory.CreateClient(WebApplicationFactoryClientOptions options) in C:\Users\pieter\Desktop\WMS\tests\Backend.Tests\Fixtures\WarehouseWebApplicationFactory.cs:line 131&#xD;
   at Backend.Tests.Integration.Fixtures.WarehouseWebApplicationFactory.CreateClient() in C:\Users\pieter\Desktop\WMS\tests\Backend.Tests\Fixtures\WarehouseWebApplicationFactory.cs:line 141&#xD;
   at Backend.Tests.Integration.PickIntegrationTests..ctor(WarehouseWebApplicationFactory factory) in C:\Users\pieter\Desktop\WMS\tests\Backend.Tests\Integration\OrderAndPickTests.cs:line 70&#xD;
   at InvokeStub_PickIntegrationTests..ctor(Object, Span`1)&#xD;
   at System.Reflection.MethodBaseInvoker.InvokeWithOneArg(Object obj, BindingFlags invokeAttr, Binder binder, Object[] parameters, CultureInfo culture)</StackTrace>
        </ErrorInfo>
      </Output>
    </UnitTestResult>
    <UnitTestResult executionId="64ba2051-b1dd-4edc-82a0-7cce2d779095" testId="d6fcd854-4578-afc1-89e6-303ae13d6a6a" testName="Backend.Tests.Unit.InventoryServiceTests.ReduceInventory_WithValidData_DecrementsQuantity" computerName="ZBOOK-PIETER" duration="00:00:01.9195962" startTime="2026-03-14T23:38:43.4672673+01:00" endTime="2026-03-14T23:38:43.4672678+01:00" testType="13cdc9d9-ddb5-4fa4-a97d-d965ccfc6d4b" outcome="Passed" testListId="8c84fa94-04c1-424b-9868-57a2d4851a1d" relativeResultsDirectory="64ba2051-b1dd-4edc-82a0-7cce2d779095" />
    <UnitTestResult executionId="9b2b1291-e97c-433a-a678-9fedd45d202c" testId="982891c5-5c18-2d7d-53b5-0caa17a2b3ec" testName="Backend.Tests.Integration.OrderIntegrationTests.GetOrderById_WithValidId_ReturnsOrderWithItems" computerName="ZBOOK-PIETER" duration="00:00:00.0010000" startTime="2026-03-14T23:38:42.8271153+01:00" endTime="2026-03-14T23:38:42.8271157+01:00" testType="13cdc9d9-ddb5-4fa4-a97d-d965ccfc6d4b" outcome="Failed" testListId="8c84fa94-04c1-424b-9868-57a2d4851a1d" relativeResultsDirectory="9b2b1291-e97c-433a-a678-9fedd45d202c">
      <Output>
        <ErrorInfo>
          <Message>System.TypeLoadException : Method 'GetSwagger' in type 'Swashbuckle.AspNetCore.SwaggerGen.SwaggerGenerator' from assembly 'Swashbuckle.AspNetCore.SwaggerGen, Version=6.5.0.0, Culture=neutral, PublicKeyToken=d84d99fb0135530a' does not have an implementation.</Message>
          <StackTrace>   at Microsoft.Extensions.DependencyInjection.SwaggerGenServiceCollectionExtensions.AddSwaggerGen(IServiceCollection services, Action`1 setupAction)&#xD;
   at Microsoft.Extensions.DependencyInjection.SwaggerGenServiceCollectionExtensions.AddSwaggerGen(IServiceCollection services, Action`1 setupAction)&#xD;
   at Program.&lt;Main&gt;$(String[] args) in C:\Users\pieter\Desktop\WMS\src\Backend\Program.cs:line 10&#xD;
   at System.Reflection.MethodBaseInvoker.InterpretedInvoke_Method(Object obj, IntPtr* args)&#xD;
   at System.Reflection.MethodBaseInvoker.InvokeDirectByRefWithFewArgs(Object obj, Span`1 copyOfArgs, BindingFlags invokeAttr)&#xD;
--- End of stack trace from previous location ---&#xD;
   at Microsoft.Extensions.Hosting.HostFactoryResolver.HostingListener.CreateHost()&#xD;
   at Microsoft.Extensions.Hosting.HostFactoryResolver.&lt;&gt;c__DisplayClass10_0.&lt;ResolveHostFactory&gt;b__0(String[] args)&#xD;
   at Microsoft.AspNetCore.Mvc.Testing.DeferredHostBuilder.Build()&#xD;
   at Microsoft.AspNetCore.Mvc.Testing.WebApplicationFactory`1.CreateHost(IHostBuilder builder)&#xD;
   at Microsoft.AspNetCore.Mvc.Testing.WebApplicationFactory`1.ConfigureHostBuilder(IHostBuilder hostBuilder)&#xD;
   at Microsoft.AspNetCore.Mvc.Testing.WebApplicationFactory`1.StartServer()&#xD;
   at Microsoft.AspNetCore.Mvc.Testing.WebApplicationFactory`1.get_Services()&#xD;
   at Backend.Tests.Integration.Fixtures.WarehouseWebApplicationFactory.CreateClient(WebApplicationFactoryClientOptions options) in C:\Users\pieter\Desktop\WMS\tests\Backend.Tests\Fixtures\WarehouseWebApplicationFactory.cs:line 131&#xD;
   at Backend.Tests.Integration.Fixtures.WarehouseWebApplicationFactory.CreateClient() in C:\Users\pieter\Desktop\WMS\tests\Backend.Tests\Fixtures\WarehouseWebApplicationFactory.cs:line 141&#xD;
   at Backend.Tests.Integration.OrderIntegrationTests..ctor(WarehouseWebApplicationFactory factory) in C:\Users\pieter\Desktop\WMS\tests\Backend.Tests\Integration\OrderAndPickTests.cs:line 15&#xD;
   at System.Reflection.MethodBaseInvoker.InterpretedInvoke_Constructor(Object obj, IntPtr* args)&#xD;
   at System.Reflection.MethodBaseInvoker.InvokeDirectByRefWithFewArgs(Object obj, Span`1 copyOfArgs, BindingFlags invokeAttr)</StackTrace>
        </ErrorInfo>
      </Output>
    </UnitTestResult>
    <UnitTestResult executionId="3297a0ca-5f43-4482-8b7b-d8ebda2f0d3b" testId="c05af4cd-531d-3119-6b32-2f00bb214e74" testName="Backend.Tests.Unit.OrderServiceTests.GetOrderById_WithNonExistentId_ReturnsNull" computerName="ZBOOK-PIETER" duration="00:00:00.0019436" startTime="2026-03-14T23:38:43.4541644+01:00" endTime="2026-03-14T23:38:43.4541646+01:00" testType="13cdc9d9-ddb5-4fa4-a97d-d965ccfc6d4b" outcome="Passed" testListId="8c84fa94-04c1-424b-9868-57a2d4851a1d" relativeResultsDirectory="3297a0ca-5f43-4482-8b7b-d8ebda2f0d3b" />
    <UnitTestResult executionId="6be44269-31b0-4a8c-899f-d5c9495d47bb" testId="91cdab9d-d90b-64fb-8edd-a30c591ac9da" testName="Backend.Tests.Integration.PickIntegrationTests.ConfirmPick_WithMultiplePicks_DecrementsCumulatively" computerName="ZBOOK-PIETER" duration="00:00:00.0010000" startTime="2026-03-14T23:38:42.8685065+01:00" endTime="2026-03-14T23:38:42.8685074+01:00" testType="13cdc9d9-ddb5-4fa4-a97d-d965ccfc6d4b" outcome="Failed" testListId="8c84fa94-04c1-424b-9868-57a2d4851a1d" relativeResultsDirectory="6be44269-31b0-4a8c-899f-d5c9495d47bb">
      <Output>
        <ErrorInfo>
          <Message>System.TypeLoadException : Method 'GetSwagger' in type 'Swashbuckle.AspNetCore.SwaggerGen.SwaggerGenerator' from assembly 'Swashbuckle.AspNetCore.SwaggerGen, Version=6.5.0.0, Culture=neutral, PublicKeyToken=d84d99fb0135530a' does not have an implementation.</Message>
          <StackTrace>   at Microsoft.Extensions.DependencyInjection.SwaggerGenServiceCollectionExtensions.AddSwaggerGen(IServiceCollection services, Action`1 setupAction)&#xD;
   at Microsoft.Extensions.DependencyInjection.SwaggerGenServiceCollectionExtensions.AddSwaggerGen(IServiceCollection services, Action`1 setupAction)&#xD;
   at Program.&lt;Main&gt;$(String[] args) in C:\Users\pieter\Desktop\WMS\src\Backend\Program.cs:line 10&#xD;
   at InvokeStub_Program.&lt;Main&gt;$(Object, Span`1)&#xD;
   at System.Reflection.MethodBaseInvoker.InvokeWithOneArg(Object obj, BindingFlags invokeAttr, Binder binder, Object[] parameters, CultureInfo culture)&#xD;
--- End of stack trace from previous location ---&#xD;
   at Microsoft.Extensions.Hosting.HostFactoryResolver.HostingListener.CreateHost()&#xD;
   at Microsoft.Extensions.Hosting.HostFactoryResolver.&lt;&gt;c__DisplayClass10_0.&lt;ResolveHostFactory&gt;b__0(String[] args)&#xD;
   at Microsoft.AspNetCore.Mvc.Testing.DeferredHostBuilder.Build()&#xD;
   at Microsoft.AspNetCore.Mvc.Testing.WebApplicationFactory`1.CreateHost(IHostBuilder builder)&#xD;
   at Microsoft.AspNetCore.Mvc.Testing.WebApplicationFactory`1.ConfigureHostBuilder(IHostBuilder hostBuilder)&#xD;
   at Microsoft.AspNetCore.Mvc.Testing.WebApplicationFactory`1.StartServer()&#xD;
   at Microsoft.AspNetCore.Mvc.Testing.WebApplicationFactory`1.get_Services()&#xD;
   at Backend.Tests.Integration.Fixtures.WarehouseWebApplicationFactory.CreateClient(WebApplicationFactoryClientOptions options) in C:\Users\pieter\Desktop\WMS\tests\Backend.Tests\Fixtures\WarehouseWebApplicationFactory.cs:line 131&#xD;
   at Backend.Tests.Integration.Fixtures.WarehouseWebApplicationFactory.CreateClient() in C:\Users\pieter\Desktop\WMS\tests\Backend.Tests\Fixtures\WarehouseWebApplicationFactory.cs:line 141&#xD;
   at Backend.Tests.Integration.PickIntegrationTests..ctor(WarehouseWebApplicationFactory factory) in C:\Users\pieter\Desktop\WMS\tests\Backend.Tests\Integration\OrderAndPickTests.cs:line 70&#xD;
   at InvokeStub_PickIntegrationTests..ctor(Object, Span`1)&#xD;
   at System.Reflection.MethodBaseInvoker.InvokeWithOneArg(Object obj, BindingFlags invokeAttr, Binder binder, Object[] parameters, CultureInfo culture)</StackTrace>
        </ErrorInfo>
      </Output>
    </UnitTestResult>
    <UnitTestResult executionId="b416d261-4dfb-445d-b307-f37630c7f2a2" testId="03b13bae-df60-6bd4-f720-49f5c266144e" testName="Backend.Tests.Unit.PickServiceTests.ConfirmPick_LogsScanEvent" computerName="ZBOOK-PIETER" duration="00:00:01.9723658" startTime="2026-03-14T23:38:43.5198816+01:00" endTime="2026-03-14T23:38:43.5198829+01:00" testType="13cdc9d9-ddb5-4fa4-a97d-d965ccfc6d4b" outcome="Passed" testListId="8c84fa94-04c1-424b-9868-57a2d4851a1d" relativeResultsDirectory="b416d261-4dfb-445d-b307-f37630c7f2a2" />
    <UnitTestResult executionId="73ec01da-7a21-41ad-a926-10aa33e3b39a" testId="8d0415db-2bec-dc66-4c18-ea11df46aa3b" testName="Backend.Tests.Integration.PickIntegrationTests.ConfirmPick_WithInvalidBarcode_ReturnsBadRequest" computerName="ZBOOK-PIETER" duration="00:00:00.0010000" startTime="2026-03-14T23:38:42.8159473+01:00" endTime="2026-03-14T23:38:42.8160282+01:00" testType="13cdc9d9-ddb5-4fa4-a97d-d965ccfc6d4b" outcome="Failed" testListId="8c84fa94-04c1-424b-9868-57a2d4851a1d" relativeResultsDirectory="73ec01da-7a21-41ad-a926-10aa33e3b39a">
      <Output>
        <ErrorInfo>
          <Message>System.TypeLoadException : Method 'GetSwagger' in type 'Swashbuckle.AspNetCore.SwaggerGen.SwaggerGenerator' from assembly 'Swashbuckle.AspNetCore.SwaggerGen, Version=6.5.0.0, Culture=neutral, PublicKeyToken=d84d99fb0135530a' does not have an implementation.</Message>
          <StackTrace>   at Microsoft.Extensions.DependencyInjection.SwaggerGenServiceCollectionExtensions.AddSwaggerGen(IServiceCollection services, Action`1 setupAction)&#xD;
   at Microsoft.Extensions.DependencyInjection.SwaggerGenServiceCollectionExtensions.AddSwaggerGen(IServiceCollection services, Action`1 setupAction)&#xD;
   at Program.&lt;Main&gt;$(String[] args) in C:\Users\pieter\Desktop\WMS\src\Backend\Program.cs:line 10&#xD;
   at InvokeStub_Program.&lt;Main&gt;$(Object, Span`1)&#xD;
   at System.Reflection.MethodBaseInvoker.InvokeWithOneArg(Object obj, BindingFlags invokeAttr, Binder binder, Object[] parameters, CultureInfo culture)&#xD;
--- End of stack trace from previous location ---&#xD;
   at Microsoft.Extensions.Hosting.HostFactoryResolver.HostingListener.CreateHost()&#xD;
   at Microsoft.Extensions.Hosting.HostFactoryResolver.&lt;&gt;c__DisplayClass10_0.&lt;ResolveHostFactory&gt;b__0(String[] args)&#xD;
   at Microsoft.AspNetCore.Mvc.Testing.DeferredHostBuilder.Build()&#xD;
   at Microsoft.AspNetCore.Mvc.Testing.WebApplicationFactory`1.CreateHost(IHostBuilder builder)&#xD;
   at Microsoft.AspNetCore.Mvc.Testing.WebApplicationFactory`1.ConfigureHostBuilder(IHostBuilder hostBuilder)&#xD;
   at Microsoft.AspNetCore.Mvc.Testing.WebApplicationFactory`1.StartServer()&#xD;
   at Microsoft.AspNetCore.Mvc.Testing.WebApplicationFactory`1.get_Services()&#xD;
   at Backend.Tests.Integration.Fixtures.WarehouseWebApplicationFactory.CreateClient(WebApplicationFactoryClientOptions options) in C:\Users\pieter\Desktop\WMS\tests\Backend.Tests\Fixtures\WarehouseWebApplicationFactory.cs:line 131&#xD;
   at Backend.Tests.Integration.Fixtures.WarehouseWebApplicationFactory.CreateClient() in C:\Users\pieter\Desktop\WMS\tests\Backend.Tests\Fixtures\WarehouseWebApplicationFactory.cs:line 141&#xD;
   at Backend.Tests.Integration.PickIntegrationTests..ctor(WarehouseWebApplicationFactory factory) in C:\Users\pieter\Desktop\WMS\tests\Backend.Tests\Integration\OrderAndPickTests.cs:line 70&#xD;
   at System.Reflection.MethodBaseInvoker.InterpretedInvoke_Constructor(Object obj, IntPtr* args)&#xD;
   at System.Reflection.MethodBaseInvoker.InvokeDirectByRefWithFewArgs(Object obj, Span`1 copyOfArgs, BindingFlags invokeAttr)</StackTrace>
        </ErrorInfo>
      </Output>
    </UnitTestResult>
    <UnitTestResult executionId="2195e715-5851-4ee0-a25e-5b4feaa02876" testId="0021fa5a-8fe1-377c-8662-788abf1f39da" testName="Backend.Tests.Integration.OrderIntegrationTests.GetOrderById_WithNonExistentId_Returns404" computerName="ZBOOK-PIETER" duration="00:00:00.0010000" startTime="2026-03-14T23:38:42.8403320+01:00" endTime="2026-03-14T23:38:42.8403326+01:00" testType="13cdc9d9-ddb5-4fa4-a97d-d965ccfc6d4b" outcome="Failed" testListId="8c84fa94-04c1-424b-9868-57a2d4851a1d" relativeResultsDirectory="2195e715-5851-4ee0-a25e-5b4feaa02876">
      <Output>
        <ErrorInfo>
          <Message>System.TypeLoadException : Method 'GetSwagger' in type 'Swashbuckle.AspNetCore.SwaggerGen.SwaggerGenerator' from assembly 'Swashbuckle.AspNetCore.SwaggerGen, Version=6.5.0.0, Culture=neutral, PublicKeyToken=d84d99fb0135530a' does not have an implementation.</Message>
          <StackTrace>   at Microsoft.Extensions.DependencyInjection.SwaggerGenServiceCollectionExtensions.AddSwaggerGen(IServiceCollection services, Action`1 setupAction)&#xD;
   at Microsoft.Extensions.DependencyInjection.SwaggerGenServiceCollectionExtensions.AddSwaggerGen(IServiceCollection services, Action`1 setupAction)&#xD;
   at Program.&lt;Main&gt;$(String[] args) in C:\Users\pieter\Desktop\WMS\src\Backend\Program.cs:line 10&#xD;
   at InvokeStub_Program.&lt;Main&gt;$(Object, Span`1)&#xD;
   at System.Reflection.MethodBaseInvoker.InvokeWithOneArg(Object obj, BindingFlags invokeAttr, Binder binder, Object[] parameters, CultureInfo culture)&#xD;
--- End of stack trace from previous location ---&#xD;
   at Microsoft.Extensions.Hosting.HostFactoryResolver.HostingListener.CreateHost()&#xD;
   at Microsoft.Extensions.Hosting.HostFactoryResolver.&lt;&gt;c__DisplayClass10_0.&lt;ResolveHostFactory&gt;b__0(String[] args)&#xD;
   at Microsoft.AspNetCore.Mvc.Testing.DeferredHostBuilder.Build()&#xD;
   at Microsoft.AspNetCore.Mvc.Testing.WebApplicationFactory`1.CreateHost(IHostBuilder builder)&#xD;
   at Microsoft.AspNetCore.Mvc.Testing.WebApplicationFactory`1.ConfigureHostBuilder(IHostBuilder hostBuilder)&#xD;
   at Microsoft.AspNetCore.Mvc.Testing.WebApplicationFactory`1.StartServer()&#xD;
   at Microsoft.AspNetCore.Mvc.Testing.WebApplicationFactory`1.get_Services()&#xD;
   at Backend.Tests.Integration.Fixtures.WarehouseWebApplicationFactory.CreateClient(WebApplicationFactoryClientOptions options) in C:\Users\pieter\Desktop\WMS\tests\Backend.Tests\Fixtures\WarehouseWebApplicationFactory.cs:line 131&#xD;
   at Backend.Tests.Integration.Fixtures.WarehouseWebApplicationFactory.CreateClient() in C:\Users\pieter\Desktop\WMS\tests\Backend.Tests\Fixtures\WarehouseWebApplicationFactory.cs:line 141&#xD;
   at Backend.Tests.Integration.OrderIntegrationTests..ctor(WarehouseWebApplicationFactory factory) in C:\Users\pieter\Desktop\WMS\tests\Backend.Tests\Integration\OrderAndPickTests.cs:line 15&#xD;
   at InvokeStub_OrderIntegrationTests..ctor(Object, Span`1)&#xD;
   at System.Reflection.MethodBaseInvoker.InvokeWithOneArg(Object obj, BindingFlags invokeAttr, Binder binder, Object[] parameters, CultureInfo culture)</StackTrace>
        </ErrorInfo>
      </Output>
    </UnitTestResult>
    <UnitTestResult executionId="b4759e9f-f05e-4ac3-9ddf-3517fc117951" testId="526afec3-8a16-847b-c74b-4100f2959599" testName="Backend.Tests.Integration.PickIntegrationTests.ConfirmPick_WithValidData_ReducesInventory" computerName="ZBOOK-PIETER" duration="00:00:00.0010000" startTime="2026-03-14T23:38:42.8711320+01:00" endTime="2026-03-14T23:38:42.8711321+01:00" testType="13cdc9d9-ddb5-4fa4-a97d-d965ccfc6d4b" outcome="Failed" testListId="8c84fa94-04c1-424b-9868-57a2d4851a1d" relativeResultsDirectory="b4759e9f-f05e-4ac3-9ddf-3517fc117951">
      <Output>
        <ErrorInfo>
          <Message>System.TypeLoadException : Method 'GetSwagger' in type 'Swashbuckle.AspNetCore.SwaggerGen.SwaggerGenerator' from assembly 'Swashbuckle.AspNetCore.SwaggerGen, Version=6.5.0.0, Culture=neutral, PublicKeyToken=d84d99fb0135530a' does not have an implementation.</Message>
          <StackTrace>   at Microsoft.Extensions.DependencyInjection.SwaggerGenServiceCollectionExtensions.AddSwaggerGen(IServiceCollection services, Action`1 setupAction)&#xD;
   at Microsoft.Extensions.DependencyInjection.SwaggerGenServiceCollectionExtensions.AddSwaggerGen(IServiceCollection services, Action`1 setupAction)&#xD;
   at Program.&lt;Main&gt;$(String[] args) in C:\Users\pieter\Desktop\WMS\src\Backend\Program.cs:line 10&#xD;
   at InvokeStub_Program.&lt;Main&gt;$(Object, Span`1)&#xD;
   at System.Reflection.MethodBaseInvoker.InvokeWithOneArg(Object obj, BindingFlags invokeAttr, Binder binder, Object[] parameters, CultureInfo culture)&#xD;
--- End of stack trace from previous location ---&#xD;
   at Microsoft.Extensions.Hosting.HostFactoryResolver.HostingListener.CreateHost()&#xD;
   at Microsoft.Extensions.Hosting.HostFactoryResolver.&lt;&gt;c__DisplayClass10_0.&lt;ResolveHostFactory&gt;b__0(String[] args)&#xD;
   at Microsoft.AspNetCore.Mvc.Testing.DeferredHostBuilder.Build()&#xD;
   at Microsoft.AspNetCore.Mvc.Testing.WebApplicationFactory`1.CreateHost(IHostBuilder builder)&#xD;
   at Microsoft.AspNetCore.Mvc.Testing.WebApplicationFactory`1.ConfigureHostBuilder(IHostBuilder hostBuilder)&#xD;
   at Microsoft.AspNetCore.Mvc.Testing.WebApplicationFactory`1.StartServer()&#xD;
   at Microsoft.AspNetCore.Mvc.Testing.WebApplicationFactory`1.get_Services()&#xD;
   at Backend.Tests.Integration.Fixtures.WarehouseWebApplicationFactory.CreateClient(WebApplicationFactoryClientOptions options) in C:\Users\pieter\Desktop\WMS\tests\Backend.Tests\Fixtures\WarehouseWebApplicationFactory.cs:line 131&#xD;
   at Backend.Tests.Integration.Fixtures.WarehouseWebApplicationFactory.CreateClient() in C:\Users\pieter\Desktop\WMS\tests\Backend.Tests\Fixtures\WarehouseWebApplicationFactory.cs:line 141&#xD;
   at Backend.Tests.Integration.PickIntegrationTests..ctor(WarehouseWebApplicationFactory factory) in C:\Users\pieter\Desktop\WMS\tests\Backend.Tests\Integration\OrderAndPickTests.cs:line 70&#xD;
   at InvokeStub_PickIntegrationTests..ctor(Object, Span`1)&#xD;
   at System.Reflection.MethodBaseInvoker.InvokeWithOneArg(Object obj, BindingFlags invokeAttr, Binder binder, Object[] parameters, CultureInfo culture)</StackTrace>
        </ErrorInfo>
      </Output>
    </UnitTestResult>
    <UnitTestResult executionId="9665a011-2ca0-402d-a847-f999f4aebc9a" testId="272679f1-720e-c7c2-90c6-f6ff6ebab449" testName="Backend.Tests.Unit.PickServiceTests.ConfirmPick_WithInsufficientInventory_ThrowsException" computerName="ZBOOK-PIETER" duration="00:00:00.0080728" startTime="2026-03-14T23:38:43.5467129+01:00" endTime="2026-03-14T23:38:43.5467136+01:00" testType="13cdc9d9-ddb5-4fa4-a97d-d965ccfc6d4b" outcome="Passed" testListId="8c84fa94-04c1-424b-9868-57a2d4851a1d" relativeResultsDirectory="9665a011-2ca0-402d-a847-f999f4aebc9a" />
    <UnitTestResult executionId="a3909a21-7120-45f7-8567-8adc98fe6584" testId="fd04f251-8926-5c9e-b20d-6bc231177d10" testName="Backend.Tests.Unit.InventoryServiceTests.GetInventory_WithValidProductAndLocation_ReturnsQuantity" computerName="ZBOOK-PIETER" duration="00:00:00.0154119" startTime="2026-03-14T23:38:43.4827429+01:00" endTime="2026-03-14T23:38:43.4827432+01:00" testType="13cdc9d9-ddb5-4fa4-a97d-d965ccfc6d4b" outcome="Passed" testListId="8c84fa94-04c1-424b-9868-57a2d4851a1d" relativeResultsDirectory="a3909a21-7120-45f7-8567-8adc98fe6584" />
    <UnitTestResult executionId="c78c2cce-3705-40e0-9d95-ea0f0f7aba1b" testId="cf752cc5-6b09-cb8b-5b76-acf2a1cf99f7" testName="Backend.Tests.Unit.OrderServiceTests.GetOrderById_WithValidId_ReturnsOrder" computerName="ZBOOK-PIETER" duration="00:00:01.9029769" startTime="2026-03-14T23:38:43.4535960+01:00" endTime="2026-03-14T23:38:43.4535965+01:00" testType="13cdc9d9-ddb5-4fa4-a97d-d965ccfc6d4b" outcome="Passed" testListId="8c84fa94-04c1-424b-9868-57a2d4851a1d" relativeResultsDirectory="c78c2cce-3705-40e0-9d95-ea0f0f7aba1b" />
  </Results>
  <TestDefinitions>
    <UnitTest name="Backend.Tests.Integration.PickIntegrationTests.ConfirmPick_WithMultiplePicks_DecrementsCumulatively" storage="c:\users\pieter\desktop\wms\tests\backend.tests\bin\debug\net10.0\backend.tests.dll" id="91cdab9d-d90b-64fb-8edd-a30c591ac9da">
      <Execution id="6be44269-31b0-4a8c-899f-d5c9495d47bb" />
      <TestMethod codeBase="C:\Users\pieter\Desktop\WMS\tests\Backend.Tests\bin\Debug\net10.0\Backend.Tests.dll" adapterTypeName="executor://xunit/VsTestRunner2/netcoreapp" className="Backend.Tests.Integration.PickIntegrationTests" name="ConfirmPick_WithMultiplePicks_DecrementsCumulatively" />
    </UnitTest>
    <UnitTest name="Backend.Tests.Integration.OrderIntegrationTests.GetOrderById_WithMultipleItems_ReturnsAllItems" storage="c:\users\pieter\desktop\wms\tests\backend.tests\bin\debug\net10.0\backend.tests.dll" id="fc9409e4-28a6-902e-f3e3-17785b27149f">
      <Execution id="db8e07fb-cab4-43ea-a16b-9cec10cfc790" />
      <TestMethod codeBase="C:\Users\pieter\Desktop\WMS\tests\Backend.Tests\bin\Debug\net10.0\Backend.Tests.dll" adapterTypeName="executor://xunit/VsTestRunner2/netcoreapp" className="Backend.Tests.Integration.OrderIntegrationTests" name="GetOrderById_WithMultipleItems_ReturnsAllItems" />
    </UnitTest>
    <UnitTest name="Backend.Tests.Integration.OrderIntegrationTests.GetOrderById_WithNonExistentId_Returns404" storage="c:\users\pieter\desktop\wms\tests\backend.tests\bin\debug\net10.0\backend.tests.dll" id="0021fa5a-8fe1-377c-8662-788abf1f39da">
      <Execution id="2195e715-5851-4ee0-a25e-5b4feaa02876" />
      <TestMethod codeBase="C:\Users\pieter\Desktop\WMS\tests\Backend.Tests\bin\Debug\net10.0\Backend.Tests.dll" adapterTypeName="executor://xunit/VsTestRunner2/netcoreapp" className="Backend.Tests.Integration.OrderIntegrationTests" name="GetOrderById_WithNonExistentId_Returns404" />
    </UnitTest>
    <UnitTest name="Backend.Tests.Unit.PickServiceTests.ConfirmPick_WithValidData_UpdatesInventory" storage="c:\users\pieter\desktop\wms\tests\backend.tests\bin\debug\net10.0\backend.tests.dll" id="ee24ef35-381a-67b1-9b09-fdd4688b17f5">
      <Execution id="f0597d34-5187-4e51-8907-530d06da3bd9" />
      <TestMethod codeBase="C:\Users\pieter\Desktop\WMS\tests\Backend.Tests\bin\Debug\net10.0\Backend.Tests.dll" adapterTypeName="executor://xunit/VsTestRunner2/netcoreapp" className="Backend.Tests.Unit.PickServiceTests" name="ConfirmPick_WithValidData_UpdatesInventory" />
    </UnitTest>
    <UnitTest name="Backend.Tests.Unit.OrderServiceTests.GetOrderById_WithValidId_ReturnsOrder" storage="c:\users\pieter\desktop\wms\tests\backend.tests\bin\debug\net10.0\backend.tests.dll" id="cf752cc5-6b09-cb8b-5b76-acf2a1cf99f7">
      <Execution id="c78c2cce-3705-40e0-9d95-ea0f0f7aba1b" />
      <TestMethod codeBase="C:\Users\pieter\Desktop\WMS\tests\Backend.Tests\bin\Debug\net10.0\Backend.Tests.dll" adapterTypeName="executor://xunit/VsTestRunner2/netcoreapp" className="Backend.Tests.Unit.OrderServiceTests" name="GetOrderById_WithValidId_ReturnsOrder" />
    </UnitTest>
    <UnitTest name="Backend.Tests.Unit.InventoryServiceTests.GetInventory_WithValidProductAndLocation_ReturnsQuantity" storage="c:\users\pieter\desktop\wms\tests\backend.tests\bin\debug\net10.0\backend.tests.dll" id="fd04f251-8926-5c9e-b20d-6bc231177d10">
      <Execution id="a3909a21-7120-45f7-8567-8adc98fe6584" />
      <TestMethod codeBase="C:\Users\pieter\Desktop\WMS\tests\Backend.Tests\bin\Debug\net10.0\Backend.Tests.dll" adapterTypeName="executor://xunit/VsTestRunner2/netcoreapp" className="Backend.Tests.Unit.InventoryServiceTests" name="GetInventory_WithValidProductAndLocation_ReturnsQuantity" />
    </UnitTest>
    <UnitTest name="Backend.Tests.Unit.PickServiceTests.ConfirmPick_LogsScanEvent" storage="c:\users\pieter\desktop\wms\tests\backend.tests\bin\debug\net10.0\backend.tests.dll" id="03b13bae-df60-6bd4-f720-49f5c266144e">
      <Execution id="b416d261-4dfb-445d-b307-f37630c7f2a2" />
      <TestMethod codeBase="C:\Users\pieter\Desktop\WMS\tests\Backend.Tests\bin\Debug\net10.0\Backend.Tests.dll" adapterTypeName="executor://xunit/VsTestRunner2/netcoreapp" className="Backend.Tests.Unit.PickServiceTests" name="ConfirmPick_LogsScanEvent" />
    </UnitTest>
    <UnitTest name="Backend.Tests.Integration.PickIntegrationTests.ConfirmPick_WithInvalidOrderId_ReturnsBadRequest" storage="c:\users\pieter\desktop\wms\tests\backend.tests\bin\debug\net10.0\backend.tests.dll" id="7d1b5510-dfd0-7c78-0dbc-8a542f3b5814">
      <Execution id="0b2e6d41-bda1-4195-8348-cf1b7c9c270a" />
      <TestMethod codeBase="C:\Users\pieter\Desktop\WMS\tests\Backend.Tests\bin\Debug\net10.0\Backend.Tests.dll" adapterTypeName="executor://xunit/VsTestRunner2/netcoreapp" className="Backend.Tests.Integration.PickIntegrationTests" name="ConfirmPick_WithInvalidOrderId_ReturnsBadRequest" />
    </UnitTest>
    <UnitTest name="Backend.Tests.Integration.PickIntegrationTests.ConfirmPick_WithInvalidRack_ReturnsBadRequest" storage="c:\users\pieter\desktop\wms\tests\backend.tests\bin\debug\net10.0\backend.tests.dll" id="43b68388-6eaa-719c-525b-ffdbe28cc031">
      <Execution id="84be084e-f246-42a2-8197-d31d1a8617d5" />
      <TestMethod codeBase="C:\Users\pieter\Desktop\WMS\tests\Backend.Tests\bin\Debug\net10.0\Backend.Tests.dll" adapterTypeName="executor://xunit/VsTestRunner2/netcoreapp" className="Backend.Tests.Integration.PickIntegrationTests" name="ConfirmPick_WithInvalidRack_ReturnsBadRequest" />
    </UnitTest>
    <UnitTest name="Backend.Tests.Integration.PickIntegrationTests.ConfirmPick_WithInvalidBarcode_ReturnsBadRequest" storage="c:\users\pieter\desktop\wms\tests\backend.tests\bin\debug\net10.0\backend.tests.dll" id="8d0415db-2bec-dc66-4c18-ea11df46aa3b">
      <Execution id="73ec01da-7a21-41ad-a926-10aa33e3b39a" />
      <TestMethod codeBase="C:\Users\pieter\Desktop\WMS\tests\Backend.Tests\bin\Debug\net10.0\Backend.Tests.dll" adapterTypeName="executor://xunit/VsTestRunner2/netcoreapp" className="Backend.Tests.Integration.PickIntegrationTests" name="ConfirmPick_WithInvalidBarcode_ReturnsBadRequest" />
    </UnitTest>
    <UnitTest name="Backend.Tests.Integration.OrderIntegrationTests.GetOrderById_WithValidId_ReturnsOrderWithItems" storage="c:\users\pieter\desktop\wms\tests\backend.tests\bin\debug\net10.0\backend.tests.dll" id="982891c5-5c18-2d7d-53b5-0caa17a2b3ec">
      <Execution id="9b2b1291-e97c-433a-a678-9fedd45d202c" />
      <TestMethod codeBase="C:\Users\pieter\Desktop\WMS\tests\Backend.Tests\bin\Debug\net10.0\Backend.Tests.dll" adapterTypeName="executor://xunit/VsTestRunner2/netcoreapp" className="Backend.Tests.Integration.OrderIntegrationTests" name="GetOrderById_WithValidId_ReturnsOrderWithItems" />
    </UnitTest>
    <UnitTest name="Backend.Tests.Unit.PickServiceTests.ConfirmPick_WithInsufficientInventory_ThrowsException" storage="c:\users\pieter\desktop\wms\tests\backend.tests\bin\debug\net10.0\backend.tests.dll" id="272679f1-720e-c7c2-90c6-f6ff6ebab449">
      <Execution id="9665a011-2ca0-402d-a847-f999f4aebc9a" />
      <TestMethod codeBase="C:\Users\pieter\Desktop\WMS\tests\Backend.Tests\bin\Debug\net10.0\Backend.Tests.dll" adapterTypeName="executor://xunit/VsTestRunner2/netcoreapp" className="Backend.Tests.Unit.PickServiceTests" name="ConfirmPick_WithInsufficientInventory_ThrowsException" />
    </UnitTest>
    <UnitTest name="Backend.Tests.Integration.PickIntegrationTests.ConfirmPick_WithValidData_ReducesInventory" storage="c:\users\pieter\desktop\wms\tests\backend.tests\bin\debug\net10.0\backend.tests.dll" id="526afec3-8a16-847b-c74b-4100f2959599">
      <Execution id="b4759e9f-f05e-4ac3-9ddf-3517fc117951" />
      <TestMethod codeBase="C:\Users\pieter\Desktop\WMS\tests\Backend.Tests\bin\Debug\net10.0\Backend.Tests.dll" adapterTypeName="executor://xunit/VsTestRunner2/netcoreapp" className="Backend.Tests.Integration.PickIntegrationTests" name="ConfirmPick_WithValidData_ReducesInventory" />
    </UnitTest>
    <UnitTest name="Backend.Tests.Unit.OrderServiceTests.GetOrderById_WithNonExistentId_ReturnsNull" storage="c:\users\pieter\desktop\wms\tests\backend.tests\bin\debug\net10.0\backend.tests.dll" id="c05af4cd-531d-3119-6b32-2f00bb214e74">
      <Execution id="3297a0ca-5f43-4482-8b7b-d8ebda2f0d3b" />
      <TestMethod codeBase="C:\Users\pieter\Desktop\WMS\tests\Backend.Tests\bin\Debug\net10.0\Backend.Tests.dll" adapterTypeName="executor://xunit/VsTestRunner2/netcoreapp" className="Backend.Tests.Unit.OrderServiceTests" name="GetOrderById_WithNonExistentId_ReturnsNull" />
    </UnitTest>
    <UnitTest name="Backend.Tests.Unit.InventoryServiceTests.ReduceInventory_WithValidData_DecrementsQuantity" storage="c:\users\pieter\desktop\wms\tests\backend.tests\bin\debug\net10.0\backend.tests.dll" id="d6fcd854-4578-afc1-89e6-303ae13d6a6a">
      <Execution id="64ba2051-b1dd-4edc-82a0-7cce2d779095" />
      <TestMethod codeBase="C:\Users\pieter\Desktop\WMS\tests\Backend.Tests\bin\Debug\net10.0\Backend.Tests.dll" adapterTypeName="executor://xunit/VsTestRunner2/netcoreapp" className="Backend.Tests.Unit.InventoryServiceTests" name="ReduceInventory_WithValidData_DecrementsQuantity" />
    </UnitTest>
  </TestDefinitions>
  <TestEntries>
    <TestEntry testId="ee24ef35-381a-67b1-9b09-fdd4688b17f5" executionId="f0597d34-5187-4e51-8907-530d06da3bd9" testListId="8c84fa94-04c1-424b-9868-57a2d4851a1d" />
    <TestEntry testId="43b68388-6eaa-719c-525b-ffdbe28cc031" executionId="84be084e-f246-42a2-8197-d31d1a8617d5" testListId="8c84fa94-04c1-424b-9868-57a2d4851a1d" />
    <TestEntry testId="fc9409e4-28a6-902e-f3e3-17785b27149f" executionId="db8e07fb-cab4-43ea-a16b-9cec10cfc790" testListId="8c84fa94-04c1-424b-9868-57a2d4851a1d" />
    <TestEntry testId="7d1b5510-dfd0-7c78-0dbc-8a542f3b5814" executionId="0b2e6d41-bda1-4195-8348-cf1b7c9c270a" testListId="8c84fa94-04c1-424b-9868-57a2d4851a1d" />
    <TestEntry testId="d6fcd854-4578-afc1-89e6-303ae13d6a6a" executionId="64ba2051-b1dd-4edc-82a0-7cce2d779095" testListId="8c84fa94-04c1-424b-9868-57a2d4851a1d" />
    <TestEntry testId="982891c5-5c18-2d7d-53b5-0caa17a2b3ec" executionId="9b2b1291-e97c-433a-a678-9fedd45d202c" testListId="8c84fa94-04c1-424b-9868-57a2d4851a1d" />
    <TestEntry testId="c05af4cd-531d-3119-6b32-2f00bb214e74" executionId="3297a0ca-5f43-4482-8b7b-d8ebda2f0d3b" testListId="8c84fa94-04c1-424b-9868-57a2d4851a1d" />
    <TestEntry testId="91cdab9d-d90b-64fb-8edd-a30c591ac9da" executionId="6be44269-31b0-4a8c-899f-d5c9495d47bb" testListId="8c84fa94-04c1-424b-9868-57a2d4851a1d" />
    <TestEntry testId="03b13bae-df60-6bd4-f720-49f5c266144e" executionId="b416d261-4dfb-445d-b307-f37630c7f2a2" testListId="8c84fa94-04c1-424b-9868-57a2d4851a1d" />
    <TestEntry testId="8d0415db-2bec-dc66-4c18-ea11df46aa3b" executionId="73ec01da-7a21-41ad-a926-10aa33e3b39a" testListId="8c84fa94-04c1-424b-9868-57a2d4851a1d" />
    <TestEntry testId="0021fa5a-8fe1-377c-8662-788abf1f39da" executionId="2195e715-5851-4ee0-a25e-5b4feaa02876" testListId="8c84fa94-04c1-424b-9868-57a2d4851a1d" />
    <TestEntry testId="526afec3-8a16-847b-c74b-4100f2959599" executionId="b4759e9f-f05e-4ac3-9ddf-3517fc117951" testListId="8c84fa94-04c1-424b-9868-57a2d4851a1d" />
    <TestEntry testId="272679f1-720e-c7c2-90c6-f6ff6ebab449" executionId="9665a011-2ca0-402d-a847-f999f4aebc9a" testListId="8c84fa94-04c1-424b-9868-57a2d4851a1d" />
    <TestEntry testId="fd04f251-8926-5c9e-b20d-6bc231177d10" executionId="a3909a21-7120-45f7-8567-8adc98fe6584" testListId="8c84fa94-04c1-424b-9868-57a2d4851a1d" />
    <TestEntry testId="cf752cc5-6b09-cb8b-5b76-acf2a1cf99f7" executionId="c78c2cce-3705-40e0-9d95-ea0f0f7aba1b" testListId="8c84fa94-04c1-424b-9868-57a2d4851a1d" />
  </TestEntries>
  <TestLists>
    <TestList name="Results Not in a List" id="8c84fa94-04c1-424b-9868-57a2d4851a1d" />
    <TestList name="All Loaded Results" id="19431567-8539-422a-85d7-44ee4e166bda" />
  </TestLists>
  <ResultSummary outcome="Failed">
    <Counters total="15" executed="15" passed="7" failed="8" error="0" timeout="0" aborted="0" inconclusive="0" passedButRunAborted="0" notRunnable="0" notExecuted="0" disconnected="0" warning="0" completed="0" inProgress="0" pending="0" />
    <Output>
      <StdOut>[xUnit.net 00:00:00.00] xUnit.net VSTest Adapter v2.5.4.1+b9eacec401 (64-bit .NET 10.0.1)&#xD;
[xUnit.net 00:00:02.03]   Discovering: Backend.Tests&#xD;
[xUnit.net 00:00:02.16]   Discovered:  Backend.Tests&#xD;
[xUnit.net 00:00:02.17]   Starting:    Backend.Tests&#xD;
[xUnit.net 00:00:03.51]       System.TypeLoadException : Method 'GetSwagger' in type 'Swashbuckle.AspNetCore.SwaggerGen.SwaggerGenerator' from assembly 'Swashbuckle.AspNetCore.SwaggerGen, Version=6.5.0.0, Culture=neutral, PublicKeyToken=d84d99fb0135530a' does not have an implementation.&#xD;
[xUnit.net 00:00:03.51]       Stack Trace:&#xD;
[xUnit.net 00:00:03.51]            at Microsoft.Extensions.DependencyInjection.SwaggerGenServiceCollectionExtensions.AddSwaggerGen(IServiceCollection services, Action`1 setupAction)&#xD;
[xUnit.net 00:00:03.51]            at Microsoft.Extensions.DependencyInjection.SwaggerGenServiceCollectionExtensions.AddSwaggerGen(IServiceCollection services, Action`1 setupAction)&#xD;
[xUnit.net 00:00:03.51]         C:\Users\pieter\Desktop\WMS\src\Backend\Program.cs(10,0): at Program.&lt;Main&gt;$(String[] args)&#xD;
[xUnit.net 00:00:03.51]            at InvokeStub_Program.&lt;Main&gt;$(Object, Span`1)&#xD;
[xUnit.net 00:00:03.51]            at System.Reflection.MethodBaseInvoker.InvokeWithOneArg(Object obj, BindingFlags invokeAttr, Binder binder, Object[] parameters, CultureInfo culture)&#xD;
[xUnit.net 00:00:03.51]         --- End of stack trace from previous location ---&#xD;
[xUnit.net 00:00:03.51]            at Microsoft.Extensions.Hosting.HostFactoryResolver.HostingListener.CreateHost()&#xD;
[xUnit.net 00:00:03.51]            at Microsoft.Extensions.Hosting.HostFactoryResolver.&lt;&gt;c__DisplayClass10_0.&lt;ResolveHostFactory&gt;b__0(String[] args)&#xD;
[xUnit.net 00:00:03.51]            at Microsoft.AspNetCore.Mvc.Testing.DeferredHostBuilder.Build()&#xD;
[xUnit.net 00:00:03.51]            at Microsoft.AspNetCore.Mvc.Testing.WebApplicationFactory`1.CreateHost(IHostBuilder builder)&#xD;
[xUnit.net 00:00:03.51]            at Microsoft.AspNetCore.Mvc.Testing.WebApplicationFactory`1.ConfigureHostBuilder(IHostBuilder hostBuilder)&#xD;
[xUnit.net 00:00:03.51]            at Microsoft.AspNetCore.Mvc.Testing.WebApplicationFactory`1.StartServer()&#xD;
[xUnit.net 00:00:03.51]            at Microsoft.AspNetCore.Mvc.Testing.WebApplicationFactory`1.get_Services()&#xD;
[xUnit.net 00:00:03.51]         C:\Users\pieter\Desktop\WMS\tests\Backend.Tests\Fixtures\WarehouseWebApplicationFactory.cs(131,0): at Backend.Tests.Integration.Fixtures.WarehouseWebApplicationFactory.CreateClient(WebApplicationFactoryClientOptions options)&#xD;
[xUnit.net 00:00:03.51]         C:\Users\pieter\Desktop\WMS\tests\Backend.Tests\Fixtures\WarehouseWebApplicationFactory.cs(141,0): at Backend.Tests.Integration.Fixtures.WarehouseWebApplicationFactory.CreateClient()&#xD;
[xUnit.net 00:00:03.51]         C:\Users\pieter\Desktop\WMS\tests\Backend.Tests\Integration\OrderAndPickTests.cs(70,0): at Backend.Tests.Integration.PickIntegrationTests..ctor(WarehouseWebApplicationFactory factory)&#xD;
[xUnit.net 00:00:03.51]            at System.Reflection.MethodBaseInvoker.InterpretedInvoke_Constructor(Object obj, IntPtr* args)&#xD;
[xUnit.net 00:00:03.51]            at System.Reflection.MethodBaseInvoker.InvokeDirectByRefWithFewArgs(Object obj, Span`1 copyOfArgs, BindingFlags invokeAttr)&#xD;
[xUnit.net 00:00:03.53]       System.TypeLoadException : Method 'GetSwagger' in type 'Swashbuckle.AspNetCore.SwaggerGen.SwaggerGenerator' from assembly 'Swashbuckle.AspNetCore.SwaggerGen, Version=6.5.0.0, Culture=neutral, PublicKeyToken=d84d99fb0135530a' does not have an implementation.&#xD;
[xUnit.net 00:00:03.53]       Stack Trace:&#xD;
[xUnit.net 00:00:03.53]            at Microsoft.Extensions.DependencyInjection.SwaggerGenServiceCollectionExtensions.AddSwaggerGen(IServiceCollection services, Action`1 setupAction)&#xD;
[xUnit.net 00:00:03.53]            at Microsoft.Extensions.DependencyInjection.SwaggerGenServiceCollectionExtensions.AddSwaggerGen(IServiceCollection services, Action`1 setupAction)&#xD;
[xUnit.net 00:00:03.53]         C:\Users\pieter\Desktop\WMS\src\Backend\Program.cs(10,0): at Program.&lt;Main&gt;$(String[] args)&#xD;
[xUnit.net 00:00:03.53]            at System.Reflection.MethodBaseInvoker.InterpretedInvoke_Method(Object obj, IntPtr* args)&#xD;
[xUnit.net 00:00:03.53]            at System.Reflection.MethodBaseInvoker.InvokeDirectByRefWithFewArgs(Object obj, Span`1 copyOfArgs, BindingFlags invokeAttr)&#xD;
[xUnit.net 00:00:03.53]         --- End of stack trace from previous location ---&#xD;
[xUnit.net 00:00:03.53]            at Microsoft.Extensions.Hosting.HostFactoryResolver.HostingListener.CreateHost()&#xD;
[xUnit.net 00:00:03.53]            at Microsoft.Extensions.Hosting.HostFactoryResolver.&lt;&gt;c__DisplayClass10_0.&lt;ResolveHostFactory&gt;b__0(String[] args)&#xD;
[xUnit.net 00:00:03.53]            at Microsoft.AspNetCore.Mvc.Testing.DeferredHostBuilder.Build()&#xD;
[xUnit.net 00:00:03.53]            at Microsoft.AspNetCore.Mvc.Testing.WebApplicationFactory`1.CreateHost(IHostBuilder builder)&#xD;
[xUnit.net 00:00:03.53]            at Microsoft.AspNetCore.Mvc.Testing.WebApplicationFactory`1.ConfigureHostBuilder(IHostBuilder hostBuilder)&#xD;
[xUnit.net 00:00:03.53]            at Microsoft.AspNetCore.Mvc.Testing.WebApplicationFactory`1.StartServer()&#xD;
[xUnit.net 00:00:03.53]            at Microsoft.AspNetCore.Mvc.Testing.WebApplicationFactory`1.get_Services()&#xD;
[xUnit.net 00:00:03.53]         C:\Users\pieter\Desktop\WMS\tests\Backend.Tests\Fixtures\WarehouseWebApplicationFactory.cs(131,0): at Backend.Tests.Integration.Fixtures.WarehouseWebApplicationFactory.CreateClient(WebApplicationFactoryClientOptions options)&#xD;
[xUnit.net 00:00:03.53]         C:\Users\pieter\Desktop\WMS\tests\Backend.Tests\Fixtures\WarehouseWebApplicationFactory.cs(141,0): at Backend.Tests.Integration.Fixtures.WarehouseWebApplicationFactory.CreateClient()&#xD;
[xUnit.net 00:00:03.53]         C:\Users\pieter\Desktop\WMS\tests\Backend.Tests\Integration\OrderAndPickTests.cs(15,0): at Backend.Tests.Integration.OrderIntegrationTests..ctor(WarehouseWebApplicationFactory factory)&#xD;
[xUnit.net 00:00:03.53]            at System.Reflection.MethodBaseInvoker.InterpretedInvoke_Constructor(Object obj, IntPtr* args)&#xD;
[xUnit.net 00:00:03.53]            at System.Reflection.MethodBaseInvoker.InvokeDirectByRefWithFewArgs(Object obj, Span`1 copyOfArgs, BindingFlags invokeAttr)&#xD;
[xUnit.net 00:00:03.53]       System.TypeLoadException : Method 'GetSwagger' in type 'Swashbuckle.AspNetCore.SwaggerGen.SwaggerGenerator' from assembly 'Swashbuckle.AspNetCore.SwaggerGen, Version=6.5.0.0, Culture=neutral, PublicKeyToken=d84d99fb0135530a' does not have an implementation.&#xD;
[xUnit.net 00:00:03.53]       Stack Trace:&#xD;
[xUnit.net 00:00:03.53]            at Microsoft.Extensions.DependencyInjection.SwaggerGenServiceCollectionExtensions.AddSwaggerGen(IServiceCollection services, Action`1 setupAction)&#xD;
[xUnit.net 00:00:03.53]            at Microsoft.Extensions.DependencyInjection.SwaggerGenServiceCollectionExtensions.AddSwaggerGen(IServiceCollection services, Action`1 setupAction)&#xD;
[xUnit.net 00:00:03.53]         C:\Users\pieter\Desktop\WMS\src\Backend\Program.cs(10,0): at Program.&lt;Main&gt;$(String[] args)&#xD;
[xUnit.net 00:00:03.53]            at InvokeStub_Program.&lt;Main&gt;$(Object, Span`1)&#xD;
[xUnit.net 00:00:03.53]            at System.Reflection.MethodBaseInvoker.InvokeWithOneArg(Object obj, BindingFlags invokeAttr, Binder binder, Object[] parameters, CultureInfo culture)&#xD;
[xUnit.net 00:00:03.53]         --- End of stack trace from previous location ---&#xD;
[xUnit.net 00:00:03.53]            at Microsoft.Extensions.Hosting.HostFactoryResolver.HostingListener.CreateHost()&#xD;
[xUnit.net 00:00:03.53]            at Microsoft.Extensions.Hosting.HostFactoryResolver.&lt;&gt;c__DisplayClass10_0.&lt;ResolveHostFactory&gt;b__0(String[] args)&#xD;
[xUnit.net 00:00:03.54]            at Microsoft.AspNetCore.Mvc.Testing.DeferredHostBuilder.Build()&#xD;
[xUnit.net 00:00:03.54]            at Microsoft.AspNetCore.Mvc.Testing.WebApplicationFactory`1.CreateHost(IHostBuilder builder)&#xD;
[xUnit.net 00:00:03.54]            at Microsoft.AspNetCore.Mvc.Testing.WebApplicationFactory`1.ConfigureHostBuilder(IHostBuilder hostBuilder)&#xD;
[xUnit.net 00:00:03.54]            at Microsoft.AspNetCore.Mvc.Testing.WebApplicationFactory`1.StartServer()&#xD;
[xUnit.net 00:00:03.54]            at Microsoft.AspNetCore.Mvc.Testing.WebApplicationFactory`1.get_Services()&#xD;
[xUnit.net 00:00:03.54]         C:\Users\pieter\Desktop\WMS\tests\Backend.Tests\Fixtures\WarehouseWebApplicationFactory.cs(131,0): at Backend.Tests.Integration.Fixtures.WarehouseWebApplicationFactory.CreateClient(WebApplicationFactoryClientOptions options)&#xD;
[xUnit.net 00:00:03.54]         C:\Users\pieter\Desktop\WMS\tests\Backend.Tests\Fixtures\WarehouseWebApplicationFactory.cs(141,0): at Backend.Tests.Integration.Fixtures.WarehouseWebApplicationFactory.CreateClient()&#xD;
[xUnit.net 00:00:03.54]         C:\Users\pieter\Desktop\WMS\tests\Backend.Tests\Integration\OrderAndPickTests.cs(70,0): at Backend.Tests.Integration.PickIntegrationTests..ctor(WarehouseWebApplicationFactory factory)&#xD;
[xUnit.net 00:00:03.54]            at InvokeStub_PickIntegrationTests..ctor(Object, Span`1)&#xD;
[xUnit.net 00:00:03.54]            at System.Reflection.MethodBaseInvoker.InvokeWithOneArg(Object obj, BindingFlags invokeAttr, Binder binder, Object[] parameters, CultureInfo culture)&#xD;
[xUnit.net 00:00:03.54]       System.TypeLoadException : Method 'GetSwagger' in type 'Swashbuckle.AspNetCore.SwaggerGen.SwaggerGenerator' from assembly 'Swashbuckle.AspNetCore.SwaggerGen, Version=6.5.0.0, Culture=neutral, PublicKeyToken=d84d99fb0135530a' does not have an implementation.&#xD;
[xUnit.net 00:00:03.54]       Stack Trace:&#xD;
[xUnit.net 00:00:03.54]            at Microsoft.Extensions.DependencyInjection.SwaggerGenServiceCollectionExtensions.AddSwaggerGen(IServiceCollection services, Action`1 setupAction)&#xD;
[xUnit.net 00:00:03.54]            at Microsoft.Extensions.DependencyInjection.SwaggerGenServiceCollectionExtensions.AddSwaggerGen(IServiceCollection services, Action`1 setupAction)&#xD;
[xUnit.net 00:00:03.54]         C:\Users\pieter\Desktop\WMS\src\Backend\Program.cs(10,0): at Program.&lt;Main&gt;$(String[] args)&#xD;
[xUnit.net 00:00:03.54]            at InvokeStub_Program.&lt;Main&gt;$(Object, Span`1)&#xD;
[xUnit.net 00:00:03.54]            at System.Reflection.MethodBaseInvoker.InvokeWithOneArg(Object obj, BindingFlags invokeAttr, Binder binder, Object[] parameters, CultureInfo culture)&#xD;
[xUnit.net 00:00:03.54]         --- End of stack trace from previous location ---&#xD;
[xUnit.net 00:00:03.54]            at Microsoft.Extensions.Hosting.HostFactoryResolver.HostingListener.CreateHost()&#xD;
[xUnit.net 00:00:03.54]            at Microsoft.Extensions.Hosting.HostFactoryResolver.&lt;&gt;c__DisplayClass10_0.&lt;ResolveHostFactory&gt;b__0(String[] args)&#xD;
[xUnit.net 00:00:03.54]            at Microsoft.AspNetCore.Mvc.Testing.DeferredHostBuilder.Build()&#xD;
[xUnit.net 00:00:03.54]            at Microsoft.AspNetCore.Mvc.Testing.WebApplicationFactory`1.CreateHost(IHostBuilder builder)&#xD;
[xUnit.net 00:00:03.54]            at Microsoft.AspNetCore.Mvc.Testing.WebApplicationFactory`1.ConfigureHostBuilder(IHostBuilder hostBuilder)&#xD;
[xUnit.net 00:00:03.54]            at Microsoft.AspNetCore.Mvc.Testing.WebApplicationFactory`1.StartServer()&#xD;
[xUnit.net 00:00:03.54]            at Microsoft.AspNetCore.Mvc.Testing.WebApplicationFactory`1.get_Services()&#xD;
[xUnit.net 00:00:03.54]         C:\Users\pieter\Desktop\WMS\tests\Backend.Tests\Fixtures\WarehouseWebApplicationFactory.cs(131,0): at Backend.Tests.Integration.Fixtures.WarehouseWebApplicationFactory.CreateClient(WebApplicationFactoryClientOptions options)&#xD;
[xUnit.net 00:00:03.54]         C:\Users\pieter\Desktop\WMS\tests\Backend.Tests\Fixtures\WarehouseWebApplicationFactory.cs(141,0): at Backend.Tests.Integration.Fixtures.WarehouseWebApplicationFactory.CreateClient()&#xD;
[xUnit.net 00:00:03.54]         C:\Users\pieter\Desktop\WMS\tests\Backend.Tests\Integration\OrderAndPickTests.cs(15,0): at Backend.Tests.Integration.OrderIntegrationTests..ctor(WarehouseWebApplicationFactory factory)&#xD;
[xUnit.net 00:00:03.54]            at InvokeStub_OrderIntegrationTests..ctor(Object, Span`1)&#xD;
[xUnit.net 00:00:03.54]            at System.Reflection.MethodBaseInvoker.InvokeWithOneArg(Object obj, BindingFlags invokeAttr, Binder binder, Object[] parameters, CultureInfo culture)&#xD;
[xUnit.net 00:00:03.54]       System.TypeLoadException : Method 'GetSwagger' in type 'Swashbuckle.AspNetCore.SwaggerGen.SwaggerGenerator' from assembly 'Swashbuckle.AspNetCore.SwaggerGen, Version=6.5.0.0, Culture=neutral, PublicKeyToken=d84d99fb0135530a' does not have an implementation.&#xD;
[xUnit.net 00:00:03.54]       Stack Trace:&#xD;
[xUnit.net 00:00:03.54]            at Microsoft.Extensions.DependencyInjection.SwaggerGenServiceCollectionExtensions.AddSwaggerGen(IServiceCollection services, Action`1 setupAction)&#xD;
[xUnit.net 00:00:03.54]            at Microsoft.Extensions.DependencyInjection.SwaggerGenServiceCollectionExtensions.AddSwaggerGen(IServiceCollection services, Action`1 setupAction)&#xD;
[xUnit.net 00:00:03.54]         C:\Users\pieter\Desktop\WMS\src\Backend\Program.cs(10,0): at Program.&lt;Main&gt;$(String[] args)&#xD;
[xUnit.net 00:00:03.54]            at InvokeStub_Program.&lt;Main&gt;$(Object, Span`1)&#xD;
[xUnit.net 00:00:03.54]            at System.Reflection.MethodBaseInvoker.InvokeWithOneArg(Object obj, BindingFlags invokeAttr, Binder binder, Object[] parameters, CultureInfo culture)&#xD;
[xUnit.net 00:00:03.54]         --- End of stack trace from previous location ---&#xD;
[xUnit.net 00:00:03.54]            at Microsoft.Extensions.Hosting.HostFactoryResolver.HostingListener.CreateHost()&#xD;
[xUnit.net 00:00:03.54]            at Microsoft.Extensions.Hosting.HostFactoryResolver.&lt;&gt;c__DisplayClass10_0.&lt;ResolveHostFactory&gt;b__0(String[] args)&#xD;
[xUnit.net 00:00:03.54]            at Microsoft.AspNetCore.Mvc.Testing.DeferredHostBuilder.Build()&#xD;
[xUnit.net 00:00:03.54]            at Microsoft.AspNetCore.Mvc.Testing.WebApplicationFactory`1.CreateHost(IHostBuilder builder)&#xD;
[xUnit.net 00:00:03.54]            at Microsoft.AspNetCore.Mvc.Testing.WebApplicationFactory`1.ConfigureHostBuilder(IHostBuilder hostBuilder)&#xD;
[xUnit.net 00:00:03.54]            at Microsoft.AspNetCore.Mvc.Testing.WebApplicationFactory`1.StartServer()&#xD;
[xUnit.net 00:00:03.54]            at Microsoft.AspNetCore.Mvc.Testing.WebApplicationFactory`1.get_Services()&#xD;
[xUnit.net 00:00:03.54]         C:\Users\pieter\Desktop\WMS\tests\Backend.Tests\Fixtures\WarehouseWebApplicationFactory.cs(131,0): at Backend.Tests.Integration.Fixtures.WarehouseWebApplicationFactory.CreateClient(WebApplicationFactoryClientOptions options)&#xD;
[xUnit.net 00:00:03.54]         C:\Users\pieter\Desktop\WMS\tests\Backend.Tests\Fixtures\WarehouseWebApplicationFactory.cs(141,0): at Backend.Tests.Integration.Fixtures.WarehouseWebApplicationFactory.CreateClient()&#xD;
[xUnit.net 00:00:03.54]         C:\Users\pieter\Desktop\WMS\tests\Backend.Tests\Integration\OrderAndPickTests.cs(15,0): at Backend.Tests.Integration.OrderIntegrationTests..ctor(WarehouseWebApplicationFactory factory)&#xD;
[xUnit.net 00:00:03.54]            at InvokeStub_OrderIntegrationTests..ctor(Object, Span`1)&#xD;
[xUnit.net 00:00:03.54]            at System.Reflection.MethodBaseInvoker.InvokeWithOneArg(Object obj, BindingFlags invokeAttr, Binder binder, Object[] parameters, CultureInfo culture)&#xD;
[xUnit.net 00:00:03.55]       System.TypeLoadException : Method 'GetSwagger' in type 'Swashbuckle.AspNetCore.SwaggerGen.SwaggerGenerator' from assembly 'Swashbuckle.AspNetCore.SwaggerGen, Version=6.5.0.0, Culture=neutral, PublicKeyToken=d84d99fb0135530a' does not have an implementation.&#xD;
[xUnit.net 00:00:03.55]       Stack Trace:&#xD;
[xUnit.net 00:00:03.55]            at Microsoft.Extensions.DependencyInjection.SwaggerGenServiceCollectionExtensions.AddSwaggerGen(IServiceCollection services, Action`1 setupAction)&#xD;
[xUnit.net 00:00:03.55]            at Microsoft.Extensions.DependencyInjection.SwaggerGenServiceCollectionExtensions.AddSwaggerGen(IServiceCollection services, Action`1 setupAction)&#xD;
[xUnit.net 00:00:03.55]         C:\Users\pieter\Desktop\WMS\src\Backend\Program.cs(10,0): at Program.&lt;Main&gt;$(String[] args)&#xD;
[xUnit.net 00:00:03.55]            at InvokeStub_Program.&lt;Main&gt;$(Object, Span`1)&#xD;
[xUnit.net 00:00:03.55]            at System.Reflection.MethodBaseInvoker.InvokeWithOneArg(Object obj, BindingFlags invokeAttr, Binder binder, Object[] parameters, CultureInfo culture)&#xD;
[xUnit.net 00:00:03.55]         --- End of stack trace from previous location ---&#xD;
[xUnit.net 00:00:03.55]            at Microsoft.Extensions.Hosting.HostFactoryResolver.HostingListener.CreateHost()&#xD;
[xUnit.net 00:00:03.55]            at Microsoft.Extensions.Hosting.HostFactoryResolver.&lt;&gt;c__DisplayClass10_0.&lt;ResolveHostFactory&gt;b__0(String[] args)&#xD;
[xUnit.net 00:00:03.55]            at Microsoft.AspNetCore.Mvc.Testing.DeferredHostBuilder.Build()&#xD;
[xUnit.net 00:00:03.55]            at Microsoft.AspNetCore.Mvc.Testing.WebApplicationFactory`1.CreateHost(IHostBuilder builder)&#xD;
[xUnit.net 00:00:03.55]            at Microsoft.AspNetCore.Mvc.Testing.WebApplicationFactory`1.ConfigureHostBuilder(IHostBuilder hostBuilder)&#xD;
[xUnit.net 00:00:03.55]            at Microsoft.AspNetCore.Mvc.Testing.WebApplicationFactory`1.StartServer()&#xD;
[xUnit.net 00:00:03.55]            at Microsoft.AspNetCore.Mvc.Testing.WebApplicationFactory`1.get_Services()&#xD;
[xUnit.net 00:00:03.55]         C:\Users\pieter\Desktop\WMS\tests\Backend.Tests\Fixtures\WarehouseWebApplicationFactory.cs(131,0): at Backend.Tests.Integration.Fixtures.WarehouseWebApplicationFactory.CreateClient(WebApplicationFactoryClientOptions options)&#xD;
[xUnit.net 00:00:03.55]         C:\Users\pieter\Desktop\WMS\tests\Backend.Tests\Fixtures\WarehouseWebApplicationFactory.cs(141,0): at Backend.Tests.Integration.Fixtures.WarehouseWebApplicationFactory.CreateClient()&#xD;
[xUnit.net 00:00:03.55]         C:\Users\pieter\Desktop\WMS\tests\Backend.Tests\Integration\OrderAndPickTests.cs(70,0): at Backend.Tests.Integration.PickIntegrationTests..ctor(WarehouseWebApplicationFactory factory)&#xD;
[xUnit.net 00:00:03.55]            at InvokeStub_PickIntegrationTests..ctor(Object, Span`1)&#xD;
[xUnit.net 00:00:03.55]            at System.Reflection.MethodBaseInvoker.InvokeWithOneArg(Object obj, BindingFlags invokeAttr, Binder binder, Object[] parameters, CultureInfo culture)&#xD;
[xUnit.net 00:00:03.57]       System.TypeLoadException : Method 'GetSwagger' in type 'Swashbuckle.AspNetCore.SwaggerGen.SwaggerGenerator' from assembly 'Swashbuckle.AspNetCore.SwaggerGen, Version=6.5.0.0, Culture=neutral, PublicKeyToken=d84d99fb0135530a' does not have an implementation.&#xD;
[xUnit.net 00:00:03.57]       Stack Trace:&#xD;
[xUnit.net 00:00:03.57]            at Microsoft.Extensions.DependencyInjection.SwaggerGenServiceCollectionExtensions.AddSwaggerGen(IServiceCollection services, Action`1 setupAction)&#xD;
[xUnit.net 00:00:03.57]            at Microsoft.Extensions.DependencyInjection.SwaggerGenServiceCollectionExtensions.AddSwaggerGen(IServiceCollection services, Action`1 setupAction)&#xD;
[xUnit.net 00:00:03.57]         C:\Users\pieter\Desktop\WMS\src\Backend\Program.cs(10,0): at Program.&lt;Main&gt;$(String[] args)&#xD;
[xUnit.net 00:00:03.57]            at InvokeStub_Program.&lt;Main&gt;$(Object, Span`1)&#xD;
[xUnit.net 00:00:03.57]            at System.Reflection.MethodBaseInvoker.InvokeWithOneArg(Object obj, BindingFlags invokeAttr, Binder binder, Object[] parameters, CultureInfo culture)&#xD;
[xUnit.net 00:00:03.57]         --- End of stack trace from previous location ---&#xD;
[xUnit.net 00:00:03.57]            at Microsoft.Extensions.Hosting.HostFactoryResolver.HostingListener.CreateHost()&#xD;
[xUnit.net 00:00:03.57]            at Microsoft.Extensions.Hosting.HostFactoryResolver.&lt;&gt;c__DisplayClass10_0.&lt;ResolveHostFactory&gt;b__0(String[] args)&#xD;
[xUnit.net 00:00:03.57]            at Microsoft.AspNetCore.Mvc.Testing.DeferredHostBuilder.Build()&#xD;
[xUnit.net 00:00:03.57]            at Microsoft.AspNetCore.Mvc.Testing.WebApplicationFactory`1.CreateHost(IHostBuilder builder)&#xD;
[xUnit.net 00:00:03.57]            at Microsoft.AspNetCore.Mvc.Testing.WebApplicationFactory`1.ConfigureHostBuilder(IHostBuilder hostBuilder)&#xD;
[xUnit.net 00:00:03.57]            at Microsoft.AspNetCore.Mvc.Testing.WebApplicationFactory`1.StartServer()&#xD;
[xUnit.net 00:00:03.57]            at Microsoft.AspNetCore.Mvc.Testing.WebApplicationFactory`1.get_Services()&#xD;
[xUnit.net 00:00:03.57]         C:\Users\pieter\Desktop\WMS\tests\Backend.Tests\Fixtures\WarehouseWebApplicationFactory.cs(131,0): at Backend.Tests.Integration.Fixtures.WarehouseWebApplicationFactory.CreateClient(WebApplicationFactoryClientOptions options)&#xD;
[xUnit.net 00:00:03.57]         C:\Users\pieter\Desktop\WMS\tests\Backend.Tests\Fixtures\WarehouseWebApplicationFactory.cs(141,0): at Backend.Tests.Integration.Fixtures.WarehouseWebApplicationFactory.CreateClient()&#xD;
[xUnit.net 00:00:03.57]         C:\Users\pieter\Desktop\WMS\tests\Backend.Tests\Integration\OrderAndPickTests.cs(70,0): at Backend.Tests.Integration.PickIntegrationTests..ctor(WarehouseWebApplicationFactory factory)&#xD;
[xUnit.net 00:00:03.57]            at InvokeStub_PickIntegrationTests..ctor(Object, Span`1)&#xD;
[xUnit.net 00:00:03.57]            at System.Reflection.MethodBaseInvoker.InvokeWithOneArg(Object obj, BindingFlags invokeAttr, Binder binder, Object[] parameters, CultureInfo culture)&#xD;
[xUnit.net 00:00:03.57]       System.TypeLoadException : Method 'GetSwagger' in type 'Swashbuckle.AspNetCore.SwaggerGen.SwaggerGenerator' from assembly 'Swashbuckle.AspNetCore.SwaggerGen, Version=6.5.0.0, Culture=neutral, PublicKeyToken=d84d99fb0135530a' does not have an implementation.&#xD;
[xUnit.net 00:00:03.57]       Stack Trace:&#xD;
[xUnit.net 00:00:03.57]            at Microsoft.Extensions.DependencyInjection.SwaggerGenServiceCollectionExtensions.AddSwaggerGen(IServiceCollection services, Action`1 setupAction)&#xD;
[xUnit.net 00:00:03.57]            at Microsoft.Extensions.DependencyInjection.SwaggerGenServiceCollectionExtensions.AddSwaggerGen(IServiceCollection services, Action`1 setupAction)&#xD;
[xUnit.net 00:00:03.57]         C:\Users\pieter\Desktop\WMS\src\Backend\Program.cs(10,0): at Program.&lt;Main&gt;$(String[] args)&#xD;
[xUnit.net 00:00:03.57]            at InvokeStub_Program.&lt;Main&gt;$(Object, Span`1)&#xD;
[xUnit.net 00:00:03.57]            at System.Reflection.MethodBaseInvoker.InvokeWithOneArg(Object obj, BindingFlags invokeAttr, Binder binder, Object[] parameters, CultureInfo culture)&#xD;
[xUnit.net 00:00:03.57]         --- End of stack trace from previous location ---&#xD;
[xUnit.net 00:00:03.57]            at Microsoft.Extensions.Hosting.HostFactoryResolver.HostingListener.CreateHost()&#xD;
[xUnit.net 00:00:03.57]            at Microsoft.Extensions.Hosting.HostFactoryResolver.&lt;&gt;c__DisplayClass10_0.&lt;ResolveHostFactory&gt;b__0(String[] args)&#xD;
[xUnit.net 00:00:03.57]            at Microsoft.AspNetCore.Mvc.Testing.DeferredHostBuilder.Build()&#xD;
[xUnit.net 00:00:03.57]            at Microsoft.AspNetCore.Mvc.Testing.WebApplicationFactory`1.CreateHost(IHostBuilder builder)&#xD;
[xUnit.net 00:00:03.57]            at Microsoft.AspNetCore.Mvc.Testing.WebApplicationFactory`1.ConfigureHostBuilder(IHostBuilder hostBuilder)&#xD;
[xUnit.net 00:00:03.57]            at Microsoft.AspNetCore.Mvc.Testing.WebApplicationFactory`1.StartServer()&#xD;
[xUnit.net 00:00:03.57]            at Microsoft.AspNetCore.Mvc.Testing.WebApplicationFactory`1.get_Services()&#xD;
[xUnit.net 00:00:03.57]         C:\Users\pieter\Desktop\WMS\tests\Backend.Tests\Fixtures\WarehouseWebApplicationFactory.cs(131,0): at Backend.Tests.Integration.Fixtures.WarehouseWebApplicationFactory.CreateClient(WebApplicationFactoryClientOptions options)&#xD;
[xUnit.net 00:00:03.57]         C:\Users\pieter\Desktop\WMS\tests\Backend.Tests\Fixtures\WarehouseWebApplicationFactory.cs(141,0): at Backend.Tests.Integration.Fixtures.WarehouseWebApplicationFactory.CreateClient()&#xD;
[xUnit.net 00:00:03.57]         C:\Users\pieter\Desktop\WMS\tests\Backend.Tests\Integration\OrderAndPickTests.cs(70,0): at Backend.Tests.Integration.PickIntegrationTests..ctor(WarehouseWebApplicationFactory factory)&#xD;
[xUnit.net 00:00:03.57]            at InvokeStub_PickIntegrationTests..ctor(Object, Span`1)&#xD;
[xUnit.net 00:00:03.57]            at System.Reflection.MethodBaseInvoker.InvokeWithOneArg(Object obj, BindingFlags invokeAttr, Binder binder, Object[] parameters, CultureInfo culture)&#xD;
[xUnit.net 00:00:04.25]   Finished:    Backend.Tests&#xD;
</StdOut>
    </Output>
    <RunInfos>
      <RunInfo computerName="ZBOOK-PIETER" outcome="Error" timestamp="2026-03-14T23:38:42.8083123+01:00">
        <Text>[xUnit.net 00:00:03.51]     Backend.Tests.Integration.PickIntegrationTests.ConfirmPick_WithInvalidBarcode_ReturnsBadRequest [FAIL]</Text>
      </RunInfo>
      <RunInfo computerName="ZBOOK-PIETER" outcome="Error" timestamp="2026-03-14T23:38:42.8248384+01:00">
        <Text>[xUnit.net 00:00:03.53]     Backend.Tests.Integration.OrderIntegrationTests.GetOrderById_WithValidId_ReturnsOrderWithItems [FAIL]</Text>
      </RunInfo>
      <RunInfo computerName="ZBOOK-PIETER" outcome="Error" timestamp="2026-03-14T23:38:42.8330960+01:00">
        <Text>[xUnit.net 00:00:03.53]     Backend.Tests.Integration.PickIntegrationTests.ConfirmPick_WithInvalidOrderId_ReturnsBadRequest [FAIL]</Text>
      </RunInfo>
      <RunInfo computerName="ZBOOK-PIETER" outcome="Error" timestamp="2026-03-14T23:38:42.8367108+01:00">
        <Text>[xUnit.net 00:00:03.54]     Backend.Tests.Integration.OrderIntegrationTests.GetOrderById_WithNonExistentId_Returns404 [FAIL]</Text>
      </RunInfo>
      <RunInfo computerName="ZBOOK-PIETER" outcome="Error" timestamp="2026-03-14T23:38:42.8414330+01:00">
        <Text>[xUnit.net 00:00:03.54]     Backend.Tests.Integration.OrderIntegrationTests.GetOrderById_WithMultipleItems_ReturnsAllItems [FAIL]</Text>
      </RunInfo>
      <RunInfo computerName="ZBOOK-PIETER" outcome="Error" timestamp="2026-03-14T23:38:42.8449967+01:00">
        <Text>[xUnit.net 00:00:03.55]     Backend.Tests.Integration.PickIntegrationTests.ConfirmPick_WithInvalidRack_ReturnsBadRequest [FAIL]</Text>
      </RunInfo>
      <RunInfo computerName="ZBOOK-PIETER" outcome="Error" timestamp="2026-03-14T23:38:42.9384019+01:00">
        <Text>[xUnit.net 00:00:03.57]     Backend.Tests.Integration.PickIntegrationTests.ConfirmPick_WithMultiplePicks_DecrementsCumulatively [FAIL]</Text>
      </RunInfo>
      <RunInfo computerName="ZBOOK-PIETER" outcome="Error" timestamp="2026-03-14T23:38:42.9391706+01:00">
        <Text>[xUnit.net 00:00:03.57]     Backend.Tests.Integration.PickIntegrationTests.ConfirmPick_WithValidData_ReducesInventory [FAIL]</Text>
      </RunInfo>
    </RunInfos>
  </ResultSummary>
</TestRun>